build/outputs/logs/manifest-merger-debug-report.txt
-- Merging decision tree log ---
manifest
ADDED from GitHub\Wifi-Fixer\AndroidManifest.xml:22:1-245:12
INJECTED from GitHub\Wifi-Fixer\AndroidManifest.xml:22:1-245:12
INJECTED from GitHub\Wifi-Fixer\AndroidManifest.xml:22:1-245:12
MERGED from [androidx.preference:preference:1.0.0-beta01] AndroidManifest.xml:17:1-22:12
MERGED from [com.google.android.material:material:1.0.0-beta01] AndroidManifest.xml:17:1-24:12
MERGED from [androidx.appcompat:appcompat:1.0.0-beta01] AndroidManifest.xml:17:1-22:12
MERGED from [androidx.vectordrawable:vectordrawable-animated:1.0.0-beta01] AndroidManifest.xml:17:1-22:12
MERGED from [androidx.vectordrawable:vectordrawable:1.0.0-beta01] AndroidManifest.xml:17:1-22:12
MERGED from [androidx.legacy:legacy-support-v13:1.0.0-beta01] AndroidManifest.xml:17:1-22:12
MERGED from [androidx.legacy:legacy-support-v4:1.0.0-beta01] AndroidManifest.xml:17:1-22:12
MERGED from [androidx.fragment:fragment:1.0.0-beta01] AndroidManifest.xml:17:1-22:12
MERGED from [androidx.recyclerview:recyclerview:1.0.0-beta01] AndroidManifest.xml:17:1-22:12
MERGED from [androidx.legacy:legacy-support-core-ui:1.0.0-beta01] AndroidManifest.xml:17:1-22:12
MERGED from [androidx.legacy:legacy-support-core-utils:1.0.0-beta01] AndroidManifest.xml:17:1-22:12
MERGED from [androidx.transition:transition:1.0.0-beta01] AndroidManifest.xml:17:1-22:12
MERGED from [androidx.loader:loader:1.0.0-beta01] AndroidManifest.xml:17:1-22:12
MERGED from [androidx.media:media:1.0.0-beta01] AndroidManifest.xml:17:1-22:12
MERGED from [androidx.viewpager:viewpager:1.0.0-beta01] AndroidManifest.xml:17:1-22:12
MERGED from [androidx.coordinatorlayout:coordinatorlayout:1.0.0-beta01] AndroidManifest.xml:17:1-22:12
MERGED from [androidx.drawerlayout:drawerlayout:1.0.0-beta01] AndroidManifest.xml:17:1-22:12
MERGED from [androidx.slidingpanelayout:slidingpanelayout:1.0.0-beta01] AndroidManifest.xml:17:1-22:12
MERGED from [androidx.customview:customview:1.0.0-beta01] AndroidManifest.xml:17:1-22:12
MERGED from [androidx.swiperefreshlayout:swiperefreshlayout:1.0.0-beta01] AndroidManifest.xml:17:1-22:12
MERGED from [androidx.asynclayoutinflater:asynclayoutinflater:1.0.0-beta01] AndroidManifest.xml:17:1-22:12
MERGED from [androidx.core:core:1.0.0-beta01] AndroidManifest.xml:17:1-24:12
MERGED from [androidx.versionedparcelable:versionedparcelable:1.0.0-beta01] AndroidManifest.xml:17:1-25:12
MERGED from [androidx.cursoradapter:cursoradapter:1.0.0-beta01] AndroidManifest.xml:17:1-22:12
MERGED from [androidx.cardview:cardview:1.0.0-beta01] AndroidManifest.xml:17:1-22:12
MERGED from [androidx.documentfile:documentfile:1.0.0-beta01] AndroidManifest.xml:17:1-22:12
MERGED from [androidx.localbroadcastmanager:localbroadcastmanager:1.0.0-beta01] AndroidManifest.xml:17:1-22:12
MERGED from [androidx.print:print:1.0.0-beta01] AndroidManifest.xml:17:1-22:12
MERGED from [androidx.interpolator:interpolator:1.0.0-beta01] AndroidManifest.xml:17:1-22:12
MERGED from [androidx.lifecycle:lifecycle-runtime:2.0.0-beta01] AndroidManifest.xml:17:1-22:12
MERGED from [androidx.lifecycle:lifecycle-livedata-core:2.0.0-beta01] AndroidManifest.xml:17:1-22:12
MERGED from [androidx.arch.core:core-runtime:2.0.0-beta01] AndroidManifest.xml:17:1-22:12
MERGED from [androidx.lifecycle:lifecycle-viewmodel:2.0.0-beta01] AndroidManifest.xml:17:1-22:12
INJECTED from GitHub\Wifi-Fixer\AndroidManifest.xml:22:1-245:12
INJECTED from GitHub\Wifi-Fixer\AndroidManifest.xml:22:1-245:12
	package
		ADDED from GitHub\Wifi-Fixer\AndroidManifest.xml:24:5-35
	android:versionName
		ADDED from GitHub\Wifi-Fixer\AndroidManifest.xml:27:5-32
		INJECTED from GitHub\Wifi-Fixer\AndroidManifest.xml
		INJECTED from GitHub\Wifi-Fixer\AndroidManifest.xml
	xmlns:tools
		ADDED from GitHub\Wifi-Fixer\AndroidManifest.xml:23:5-51
	xmlns:android
		ADDED from GitHub\Wifi-Fixer\AndroidManifest.xml:22:11-69
	android:versionCode
		ADDED from GitHub\Wifi-Fixer\AndroidManifest.xml:26:5-31
		INJECTED from GitHub\Wifi-Fixer\AndroidManifest.xml
		INJECTED from GitHub\Wifi-Fixer\AndroidManifest.xml
	android:installLocation
		ADDED from GitHub\Wifi-Fixer\AndroidManifest.xml:25:5-43
uses-permission#android.permission.RECEIVE_BOOT_COMPLETED
ADDED from GitHub\Wifi-Fixer\AndroidManifest.xml:31:5-81
	android:name
		ADDED from GitHub\Wifi-Fixer\AndroidManifest.xml:31:22-78
uses-permission#android.permission.ACCESS_WIFI_STATE
ADDED from GitHub\Wifi-Fixer\AndroidManifest.xml:33:5-76
	android:name
		ADDED from GitHub\Wifi-Fixer\AndroidManifest.xml:33:22-73
uses-permission#android.permission.ACCESS_NETWORK_STATE
ADDED from GitHub\Wifi-Fixer\AndroidManifest.xml:35:5-79
	android:name
		ADDED from GitHub\Wifi-Fixer\AndroidManifest.xml:35:22-76
uses-permission#android.permission.CHANGE_WIFI_STATE
ADDED from GitHub\Wifi-Fixer\AndroidManifest.xml:40:5-76
	android:name
		ADDED from GitHub\Wifi-Fixer\AndroidManifest.xml:40:22-73
uses-permission#android.permission.INTERNET
ADDED from GitHub\Wifi-Fixer\AndroidManifest.xml:42:5-67
	android:name
		ADDED from GitHub\Wifi-Fixer\AndroidManifest.xml:42:22-64
uses-permission#android.permission.WAKE_LOCK
ADDED from GitHub\Wifi-Fixer\AndroidManifest.xml:44:5-68
	android:name
		ADDED from GitHub\Wifi-Fixer\AndroidManifest.xml:44:22-65
uses-permission#android.permission.WRITE_EXTERNAL_STORAGE
ADDED from GitHub\Wifi-Fixer\AndroidManifest.xml:46:5-81
	android:name
		ADDED from GitHub\Wifi-Fixer\AndroidManifest.xml:46:22-78
uses-permission#android.permission.WRITE_SETTINGS
ADDED from GitHub\Wifi-Fixer\AndroidManifest.xml:48:5-50:47
	tools:ignore
		ADDED from GitHub\Wifi-Fixer\AndroidManifest.xml:50:9-44
	android:name
		ADDED from GitHub\Wifi-Fixer\AndroidManifest.xml:49:9-57
uses-permission#android.permission.ACCESS_COARSE_LOCATION
ADDED from GitHub\Wifi-Fixer\AndroidManifest.xml:52:5-81
	android:name
		ADDED from GitHub\Wifi-Fixer\AndroidManifest.xml:52:22-78
supports-screens
ADDED from GitHub\Wifi-Fixer\AndroidManifest.xml:54:5-58:40
	android:largeScreens
		ADDED from GitHub\Wifi-Fixer\AndroidManifest.xml:55:9-36
	android:smallScreens
		ADDED from GitHub\Wifi-Fixer\AndroidManifest.xml:57:9-36
	android:normalScreens
		ADDED from GitHub\Wifi-Fixer\AndroidManifest.xml:56:9-37
	android:xlargeScreens
		ADDED from GitHub\Wifi-Fixer\AndroidManifest.xml:58:9-37
uses-sdk
ADDED from GitHub\Wifi-Fixer\AndroidManifest.xml:60:5-64:42
INJECTED from GitHub\Wifi-Fixer\AndroidManifest.xml:60:5-64:42
INJECTED from GitHub\Wifi-Fixer\AndroidManifest.xml:60:5-64:42
MERGED from [androidx.preference:preference:1.0.0-beta01] AndroidManifest.xml:20:5-44
MERGED from [androidx.preference:preference:1.0.0-beta01] AndroidManifest.xml:20:5-44
MERGED from [com.google.android.material:material:1.0.0-beta01] AndroidManifest.xml:20:5-44
MERGED from [com.google.android.material:material:1.0.0-beta01] AndroidManifest.xml:20:5-44
MERGED from [androidx.appcompat:appcompat:1.0.0-beta01] AndroidManifest.xml:20:5-44
MERGED from [androidx.appcompat:appcompat:1.0.0-beta01] AndroidManifest.xml:20:5-44
MERGED from [androidx.vectordrawable:vectordrawable-animated:1.0.0-beta01] AndroidManifest.xml:20:5-44
MERGED from [androidx.vectordrawable:vectordrawable-animated:1.0.0-beta01] AndroidManifest.xml:20:5-44
MERGED from [androidx.vectordrawable:vectordrawable:1.0.0-beta01] AndroidManifest.xml:20:5-44
MERGED from [androidx.vectordrawable:vectordrawable:1.0.0-beta01] AndroidManifest.xml:20:5-44
MERGED from [androidx.legacy:legacy-support-v13:1.0.0-beta01] AndroidManifest.xml:20:5-44
MERGED from [androidx.legacy:legacy-support-v13:1.0.0-beta01] AndroidManifest.xml:20:5-44
MERGED from [androidx.legacy:legacy-support-v4:1.0.0-beta01] AndroidManifest.xml:20:5-44
MERGED from [androidx.legacy:legacy-support-v4:1.0.0-beta01] AndroidManifest.xml:20:5-44
MERGED from [androidx.fragment:fragment:1.0.0-beta01] AndroidManifest.xml:20:5-44
MERGED from [androidx.fragment:fragment:1.0.0-beta01] AndroidManifest.xml:20:5-44
MERGED from [androidx.recyclerview:recyclerview:1.0.0-beta01] AndroidManifest.xml:20:5-44
MERGED from [androidx.recyclerview:recyclerview:1.0.0-beta01] AndroidManifest.xml:20:5-44
MERGED from [androidx.legacy:legacy-support-core-ui:1.0.0-beta01] AndroidManifest.xml:20:5-44
MERGED from [androidx.legacy:legacy-support-core-ui:1.0.0-beta01] AndroidManifest.xml:20:5-44
MERGED from [androidx.legacy:legacy-support-core-utils:1.0.0-beta01] AndroidManifest.xml:20:5-44
MERGED from [androidx.legacy:legacy-support-core-utils:1.0.0-beta01] AndroidManifest.xml:20:5-44
MERGED from [androidx.transition:transition:1.0.0-beta01] AndroidManifest.xml:20:5-44
MERGED from [androidx.transition:transition:1.0.0-beta01] AndroidManifest.xml:20:5-44
MERGED from [androidx.loader:loader:1.0.0-beta01] AndroidManifest.xml:20:5-44
MERGED from [androidx.loader:loader:1.0.0-beta01] AndroidManifest.xml:20:5-44
MERGED from [androidx.media:media:1.0.0-beta01] AndroidManifest.xml:20:5-44
MERGED from [androidx.media:media:1.0.0-beta01] AndroidManifest.xml:20:5-44
MERGED from [androidx.viewpager:viewpager:1.0.0-beta01] AndroidManifest.xml:20:5-44
MERGED from [androidx.viewpager:viewpager:1.0.0-beta01] AndroidManifest.xml:20:5-44
MERGED from [androidx.coordinatorlayout:coordinatorlayout:1.0.0-beta01] AndroidManifest.xml:20:5-44
MERGED from [androidx.coordinatorlayout:coordinatorlayout:1.0.0-beta01] AndroidManifest.xml:20:5-44
MERGED from [androidx.drawerlayout:drawerlayout:1.0.0-beta01] AndroidManifest.xml:20:5-44
MERGED from [androidx.drawerlayout:drawerlayout:1.0.0-beta01] AndroidManifest.xml:20:5-44
MERGED from [androidx.slidingpanelayout:slidingpanelayout:1.0.0-beta01] AndroidManifest.xml:20:5-44
MERGED from [androidx.slidingpanelayout:slidingpanelayout:1.0.0-beta01] AndroidManifest.xml:20:5-44
MERGED from [androidx.customview:customview:1.0.0-beta01] AndroidManifest.xml:20:5-44
MERGED from [androidx.customview:customview:1.0.0-beta01] AndroidManifest.xml:20:5-44
MERGED from [androidx.swiperefreshlayout:swiperefreshlayout:1.0.0-beta01] AndroidManifest.xml:20:5-44
MERGED from [androidx.swiperefreshlayout:swiperefreshlayout:1.0.0-beta01] AndroidManifest.xml:20:5-44
MERGED from [androidx.asynclayoutinflater:asynclayoutinflater:1.0.0-beta01] AndroidManifest.xml:20:5-44
MERGED from [androidx.asynclayoutinflater:asynclayoutinflater:1.0.0-beta01] AndroidManifest.xml:20:5-44
MERGED from [androidx.core:core:1.0.0-beta01] AndroidManifest.xml:20:5-44
MERGED from [androidx.core:core:1.0.0-beta01] AndroidManifest.xml:20:5-44
MERGED from [androidx.versionedparcelable:versionedparcelable:1.0.0-beta01] AndroidManifest.xml:20:5-44
MERGED from [androidx.versionedparcelable:versionedparcelable:1.0.0-beta01] AndroidManifest.xml:20:5-44
MERGED from [androidx.cursoradapter:cursoradapter:1.0.0-beta01] AndroidManifest.xml:20:5-44
MERGED from [androidx.cursoradapter:cursoradapter:1.0.0-beta01] AndroidManifest.xml:20:5-44
MERGED from [androidx.cardview:cardview:1.0.0-beta01] AndroidManifest.xml:20:5-44
MERGED from [androidx.cardview:cardview:1.0.0-beta01] AndroidManifest.xml:20:5-44
MERGED from [androidx.documentfile:documentfile:1.0.0-beta01] AndroidManifest.xml:20:5-44
MERGED from [androidx.documentfile:documentfile:1.0.0-beta01] AndroidManifest.xml:20:5-44
MERGED from [androidx.localbroadcastmanager:localbroadcastmanager:1.0.0-beta01] AndroidManifest.xml:20:5-44
MERGED from [androidx.localbroadcastmanager:localbroadcastmanager:1.0.0-beta01] AndroidManifest.xml:20:5-44
MERGED from [androidx.print:print:1.0.0-beta01] AndroidManifest.xml:20:5-44
MERGED from [androidx.print:print:1.0.0-beta01] AndroidManifest.xml:20:5-44
MERGED from [androidx.interpolator:interpolator:1.0.0-beta01] AndroidManifest.xml:20:5-44
MERGED from [androidx.interpolator:interpolator:1.0.0-beta01] AndroidManifest.xml:20:5-44
MERGED from [androidx.lifecycle:lifecycle-runtime:2.0.0-beta01] AndroidManifest.xml:20:5-44
MERGED from [androidx.lifecycle:lifecycle-runtime:2.0.0-beta01] AndroidManifest.xml:20:5-44
MERGED from [androidx.lifecycle:lifecycle-livedata-core:2.0.0-beta01] AndroidManifest.xml:20:5-44
MERGED from [androidx.lifecycle:lifecycle-livedata-core:2.0.0-beta01] AndroidManifest.xml:20:5-44
MERGED from [androidx.arch.core:core-runtime:2.0.0-beta01] AndroidManifest.xml:20:5-44
MERGED from [androidx.arch.core:core-runtime:2.0.0-beta01] AndroidManifest.xml:20:5-44
MERGED from [androidx.lifecycle:lifecycle-viewmodel:2.0.0-beta01] AndroidManifest.xml:20:5-44
MERGED from [androidx.lifecycle:lifecycle-viewmodel:2.0.0-beta01] AndroidManifest.xml:20:5-44
INJECTED from GitHub\Wifi-Fixer\AndroidManifest.xml:60:5-64:42
INJECTED from GitHub\Wifi-Fixer\AndroidManifest.xml:60:5-64:42
	android:maxSdkVersion
		ADDED from GitHub\Wifi-Fixer\AndroidManifest.xml:61:9-35
	android:targetSdkVersion
		INJECTED from GitHub\Wifi-Fixer\AndroidManifest.xml
		ADDED from GitHub\Wifi-Fixer\AndroidManifest.xml:60:5-64:42
		INJECTED from GitHub\Wifi-Fixer\AndroidManifest.xml
	tools:ignore
		ADDED from GitHub\Wifi-Fixer\AndroidManifest.xml:64:9-39
	android:minSdkVersion
		INJECTED from GitHub\Wifi-Fixer\AndroidManifest.xml
		ADDED from GitHub\Wifi-Fixer\AndroidManifest.xml:60:5-64:42
		INJECTED from GitHub\Wifi-Fixer\AndroidManifest.xml
uses-feature#android.hardware.wifi
ADDED from GitHub\Wifi-Fixer\AndroidManifest.xml:66:5-68:36
	android:required
		ADDED from GitHub\Wifi-Fixer\AndroidManifest.xml:68:9-33
	android:name
		ADDED from GitHub\Wifi-Fixer\AndroidManifest.xml:67:9-45
uses-feature#android.hardware.touchscreen
ADDED from GitHub\Wifi-Fixer\AndroidManifest.xml:69:5-71:36
	android:required
		ADDED from GitHub\Wifi-Fixer\AndroidManifest.xml:71:9-33
	android:name
		ADDED from GitHub\Wifi-Fixer\AndroidManifest.xml:70:9-52
uses-feature#android.hardware.location
ADDED from GitHub\Wifi-Fixer\AndroidManifest.xml:72:5-74:36
	android:required
		ADDED from GitHub\Wifi-Fixer\AndroidManifest.xml:74:9-33
	android:name
		ADDED from GitHub\Wifi-Fixer\AndroidManifest.xml:73:9-49
application
ADDED from GitHub\Wifi-Fixer\AndroidManifest.xml:76:5-243:19
MERGED from [com.google.android.material:material:1.0.0-beta01] AndroidManifest.xml:22:5-20
MERGED from [com.google.android.material:material:1.0.0-beta01] AndroidManifest.xml:22:5-20
MERGED from [androidx.core:core:1.0.0-beta01] AndroidManifest.xml:22:5-89
MERGED from [androidx.core:core:1.0.0-beta01] AndroidManifest.xml:22:5-89
MERGED from [androidx.versionedparcelable:versionedparcelable:1.0.0-beta01] AndroidManifest.xml:22:5-23:19
MERGED from [androidx.versionedparcelable:versionedparcelable:1.0.0-beta01] AndroidManifest.xml:22:5-23:19
	android:backupAgent
		ADDED from GitHub\Wifi-Fixer\AndroidManifest.xml:78:9-54
	android:appComponentFactory
		ADDED from [androidx.core:core:1.0.0-beta01] AndroidManifest.xml:22:18-86
	android:label
		ADDED from GitHub\Wifi-Fixer\AndroidManifest.xml:82:9-41
	android:hardwareAccelerated
		ADDED from GitHub\Wifi-Fixer\AndroidManifest.xml:80:9-43
	android:fullBackupContent
		ADDED from GitHub\Wifi-Fixer\AndroidManifest.xml:84:9-59
	android:restoreAnyVersion
		ADDED from GitHub\Wifi-Fixer\AndroidManifest.xml:83:9-41
	android:icon
		ADDED from GitHub\Wifi-Fixer\AndroidManifest.xml:81:9-38
	android:allowBackup
		ADDED from GitHub\Wifi-Fixer\AndroidManifest.xml:77:9-36
	android:description
		ADDED from GitHub\Wifi-Fixer\AndroidManifest.xml:79:9-47
	android:theme
		ADDED from GitHub\Wifi-Fixer\AndroidManifest.xml:85:9-46
meta-data#com.google.android.backup.api_key
ADDED from GitHub\Wifi-Fixer\AndroidManifest.xml:86:9-88:50
	android:value
		ADDED from GitHub\Wifi-Fixer\AndroidManifest.xml:88:13-47
	android:name
		ADDED from GitHub\Wifi-Fixer\AndroidManifest.xml:87:13-61
activity#org.wahtod.wififixer.ui.MainActivity
ADDED from GitHub\Wifi-Fixer\AndroidManifest.xml:90:9-100:20
	android:clearTaskOnLaunch
		ADDED from GitHub\Wifi-Fixer\AndroidManifest.xml:92:13-45
	android:launchMode
		ADDED from GitHub\Wifi-Fixer\AndroidManifest.xml:93:13-44
	android:name
		ADDED from GitHub\Wifi-Fixer\AndroidManifest.xml:91:13-44
intent-filter#action:name:android.intent.action.MAIN+category:name:android.intent.category.LAUNCHER+category:name:android.intent.category.MULTIWINDOW_LAUNCHER
ADDED from GitHub\Wifi-Fixer\AndroidManifest.xml:94:13-99:29
action#android.intent.action.MAIN
ADDED from GitHub\Wifi-Fixer\AndroidManifest.xml:95:17-69
	android:name
		ADDED from GitHub\Wifi-Fixer\AndroidManifest.xml:95:25-66
category#android.intent.category.MULTIWINDOW_LAUNCHER
ADDED from GitHub\Wifi-Fixer\AndroidManifest.xml:97:17-89
	android:name
		ADDED from GitHub\Wifi-Fixer\AndroidManifest.xml:97:27-86
category#android.intent.category.LAUNCHER
ADDED from GitHub\Wifi-Fixer\AndroidManifest.xml:98:17-77
	android:name
		ADDED from GitHub\Wifi-Fixer\AndroidManifest.xml:98:27-74
activity#org.wahtod.wififixer.ui.About
ADDED from GitHub\Wifi-Fixer\AndroidManifest.xml:103:9-108:20
	android:name
		ADDED from GitHub\Wifi-Fixer\AndroidManifest.xml:103:19-43
meta-data#android.support.PARENT_ACTIVITY
ADDED from GitHub\Wifi-Fixer\AndroidManifest.xml:105:13-107:72
	android:value
		ADDED from GitHub\Wifi-Fixer\AndroidManifest.xml:107:17-69
	android:name
		ADDED from GitHub\Wifi-Fixer\AndroidManifest.xml:106:17-63
activity#org.wahtod.wififixer.ui.PrefActivity
ADDED from GitHub\Wifi-Fixer\AndroidManifest.xml:109:9-113:20
	android:name
		ADDED from GitHub\Wifi-Fixer\AndroidManifest.xml:109:19-50
activity#org.wahtod.wififixer.ui.HelpActivity
ADDED from GitHub\Wifi-Fixer\AndroidManifest.xml:114:9-118:20
	android:name
		ADDED from GitHub\Wifi-Fixer\AndroidManifest.xml:114:19-50
receiver#org.wahtod.wififixer.boot.BootReceiver
ADDED from GitHub\Wifi-Fixer\AndroidManifest.xml:121:9-125:20
	android:name
		ADDED from GitHub\Wifi-Fixer\AndroidManifest.xml:121:19-52
intent-filter#action:name:android.intent.action.BOOT_COMPLETED
ADDED from GitHub\Wifi-Fixer\AndroidManifest.xml:122:13-124:29
action#android.intent.action.BOOT_COMPLETED
ADDED from GitHub\Wifi-Fixer\AndroidManifest.xml:123:17-79
	android:name
		ADDED from GitHub\Wifi-Fixer\AndroidManifest.xml:123:25-76
receiver#org.wahtod.wififixer.NotificationReceiver
ADDED from GitHub\Wifi-Fixer\AndroidManifest.xml:128:9-137:20
	android:exported
		ADDED from GitHub\Wifi-Fixer\AndroidManifest.xml:130:13-36
	tools:ignore
		ADDED from GitHub\Wifi-Fixer\AndroidManifest.xml:132:13-44
	android:permission
		ADDED from GitHub\Wifi-Fixer\AndroidManifest.xml:131:13-34
	android:name
		ADDED from GitHub\Wifi-Fixer\AndroidManifest.xml:129:13-49
intent-filter#action:name:org.wahtod.wififixer.ACTION_POP_NOTIFICATION
ADDED from GitHub\Wifi-Fixer\AndroidManifest.xml:133:13-136:29
action#org.wahtod.wififixer.ACTION_POP_NOTIFICATION
ADDED from GitHub\Wifi-Fixer\AndroidManifest.xml:134:17-87
	android:name
		ADDED from GitHub\Wifi-Fixer\AndroidManifest.xml:134:25-84
receiver#org.wahtod.wififixer.WFBroadcastReceiver
ADDED from GitHub\Wifi-Fixer\AndroidManifest.xml:140:9-156:20
	tools:ignore
		ADDED from GitHub\Wifi-Fixer\AndroidManifest.xml:143:13-44
	android:permission
		ADDED from GitHub\Wifi-Fixer\AndroidManifest.xml:142:13-34
	android:name
		ADDED from GitHub\Wifi-Fixer\AndroidManifest.xml:141:13-48
intent-filter#action:name:org.wahtod.wififixer.ACTION_WIFI_CHANGE+action:name:org.wahtod.wififixer.ACTION_WIFI_CONNECT+action:name:org.wahtod.wififixer.ACTION_WIFI_OFF+action:name:org.wahtod.wififixer.ACTION_WIFI_ON+action:name:org.wahtod.wififixer.ACTION_WIFI_SERVICE_DISABLE+action:name:org.wahtod.wififixer.ACTION_WIFI_SERVICE_ENABLE+action:name:org.wahtod.wififixer.ACTION_WIFI_TOGGLE+action:name:org.wahtod.wififixer.AUTH+action:name:org.wahtod.wififixer.WIDGET
ADDED from GitHub\Wifi-Fixer\AndroidManifest.xml:144:13-155:29
action#org.wahtod.wififixer.ACTION_WIFI_CONNECT
ADDED from GitHub\Wifi-Fixer\AndroidManifest.xml:145:17-83
	android:name
		ADDED from GitHub\Wifi-Fixer\AndroidManifest.xml:145:25-80
action#org.wahtod.wififixer.ACTION_WIFI_SERVICE_DISABLE
ADDED from GitHub\Wifi-Fixer\AndroidManifest.xml:146:17-91
	android:name
		ADDED from GitHub\Wifi-Fixer\AndroidManifest.xml:146:25-88
action#org.wahtod.wififixer.ACTION_WIFI_SERVICE_ENABLE
ADDED from GitHub\Wifi-Fixer\AndroidManifest.xml:147:17-90
	android:name
		ADDED from GitHub\Wifi-Fixer\AndroidManifest.xml:147:25-87
action#org.wahtod.wififixer.WIDGET
ADDED from GitHub\Wifi-Fixer\AndroidManifest.xml:148:17-70
	android:name
		ADDED from GitHub\Wifi-Fixer\AndroidManifest.xml:148:25-67
action#org.wahtod.wififixer.AUTH
ADDED from GitHub\Wifi-Fixer\AndroidManifest.xml:149:17-68
	android:name
		ADDED from GitHub\Wifi-Fixer\AndroidManifest.xml:149:25-65
action#org.wahtod.wififixer.ACTION_WIFI_ON
ADDED from GitHub\Wifi-Fixer\AndroidManifest.xml:150:17-78
	android:name
		ADDED from GitHub\Wifi-Fixer\AndroidManifest.xml:150:25-75
action#org.wahtod.wififixer.ACTION_WIFI_OFF
ADDED from GitHub\Wifi-Fixer\AndroidManifest.xml:151:17-79
	android:name
		ADDED from GitHub\Wifi-Fixer\AndroidManifest.xml:151:25-76
action#org.wahtod.wififixer.ACTION_WIFI_CHANGE
ADDED from GitHub\Wifi-Fixer\AndroidManifest.xml:152:17-82
	android:name
		ADDED from GitHub\Wifi-Fixer\AndroidManifest.xml:152:25-79
action#org.wahtod.wififixer.ACTION_WIFI_TOGGLE
ADDED from GitHub\Wifi-Fixer\AndroidManifest.xml:153:17-82
	android:name
		ADDED from GitHub\Wifi-Fixer\AndroidManifest.xml:153:25-79
receiver#org.wahtod.wififixer.widget.WidgetReceiver
ADDED from GitHub\Wifi-Fixer\AndroidManifest.xml:163:9-172:20
	android:exported
		ADDED from GitHub\Wifi-Fixer\AndroidManifest.xml:165:13-37
	android:name
		ADDED from GitHub\Wifi-Fixer\AndroidManifest.xml:164:13-50
intent-filter#action:name:org.wahtod.wififixer.WidgetReceiver.WIFI_OFF+action:name:org.wahtod.wififixer.WidgetReceiver.WIFI_ON+action:name:org.wahtod.wififixer.WidgetReceiver.WIFI_REASSOCIATE+action:name:org.wahtod.wififixer.WidgetReceiver.WIFI_TOGGLE
ADDED from GitHub\Wifi-Fixer\AndroidManifest.xml:166:13-171:29
action#org.wahtod.wififixer.WidgetReceiver.WIFI_ON
ADDED from GitHub\Wifi-Fixer\AndroidManifest.xml:167:17-86
	android:name
		ADDED from GitHub\Wifi-Fixer\AndroidManifest.xml:167:25-83
action#org.wahtod.wififixer.WidgetReceiver.WIFI_OFF
ADDED from GitHub\Wifi-Fixer\AndroidManifest.xml:168:17-87
	android:name
		ADDED from GitHub\Wifi-Fixer\AndroidManifest.xml:168:25-84
action#org.wahtod.wififixer.WidgetReceiver.WIFI_TOGGLE
ADDED from GitHub\Wifi-Fixer\AndroidManifest.xml:169:17-90
	android:name
		ADDED from GitHub\Wifi-Fixer\AndroidManifest.xml:169:25-87
action#org.wahtod.wififixer.WidgetReceiver.WIFI_REASSOCIATE
ADDED from GitHub\Wifi-Fixer\AndroidManifest.xml:170:17-95
	android:name
		ADDED from GitHub\Wifi-Fixer\AndroidManifest.xml:170:25-92
receiver#org.wahtod.wififixer.widget.FixerWidget
ADDED from GitHub\Wifi-Fixer\AndroidManifest.xml:173:9-184:20
	android:label
		ADDED from GitHub\Wifi-Fixer\AndroidManifest.xml:175:13-53
	android:name
		ADDED from GitHub\Wifi-Fixer\AndroidManifest.xml:174:13-47
intent-filter#action:name:android.appwidget.action.APPWIDGET_UPDATE+action:name:org.wahtod.wififixer.WNOTIF
ADDED from GitHub\Wifi-Fixer\AndroidManifest.xml:176:13-179:29
action#android.appwidget.action.APPWIDGET_UPDATE
ADDED from GitHub\Wifi-Fixer\AndroidManifest.xml:177:17-84
	android:name
		ADDED from GitHub\Wifi-Fixer\AndroidManifest.xml:177:25-81
action#org.wahtod.wififixer.WNOTIF
ADDED from GitHub\Wifi-Fixer\AndroidManifest.xml:178:17-70
	android:name
		ADDED from GitHub\Wifi-Fixer\AndroidManifest.xml:178:25-67
meta-data#android.appwidget.provider
ADDED from GitHub\Wifi-Fixer\AndroidManifest.xml:181:13-183:59
	android:resource
		ADDED from GitHub\Wifi-Fixer\AndroidManifest.xml:183:17-56
	android:name
		ADDED from GitHub\Wifi-Fixer\AndroidManifest.xml:182:17-58
receiver#org.wahtod.wififixer.widget.FixerWidgetSmall
ADDED from GitHub\Wifi-Fixer\AndroidManifest.xml:185:9-196:20
	android:label
		ADDED from GitHub\Wifi-Fixer\AndroidManifest.xml:187:13-53
	android:name
		ADDED from GitHub\Wifi-Fixer\AndroidManifest.xml:186:13-52
service#org.wahtod.wififixer.widget.UpdateService
ADDED from GitHub\Wifi-Fixer\AndroidManifest.xml:198:9-57
	android:name
		ADDED from GitHub\Wifi-Fixer\AndroidManifest.xml:198:18-54
service#org.wahtod.wififixer.widget.StatusUpdateService
ADDED from GitHub\Wifi-Fixer\AndroidManifest.xml:199:9-63
	android:name
		ADDED from GitHub\Wifi-Fixer\AndroidManifest.xml:199:18-60
service#org.wahtod.wififixer.WFMonitorService
ADDED from GitHub\Wifi-Fixer\AndroidManifest.xml:203:9-207:41
	android:exported
		ADDED from GitHub\Wifi-Fixer\AndroidManifest.xml:205:13-37
	android:persistent
		ADDED from GitHub\Wifi-Fixer\AndroidManifest.xml:207:13-38
	android:icon
		ADDED from GitHub\Wifi-Fixer\AndroidManifest.xml:206:13-42
	android:name
		ADDED from GitHub\Wifi-Fixer\AndroidManifest.xml:204:13-45
service#org.wahtod.wififixer.ToggleService
ADDED from GitHub\Wifi-Fixer\AndroidManifest.xml:211:9-50
	android:name
		ADDED from GitHub\Wifi-Fixer\AndroidManifest.xml:211:18-47
service#org.wahtod.wififixer.utility.WifiWatchdogService
ADDED from GitHub\Wifi-Fixer\AndroidManifest.xml:212:9-64
	android:name
		ADDED from GitHub\Wifi-Fixer\AndroidManifest.xml:212:18-61
uses-library#com.sec.android.app.multiwindow
ADDED from GitHub\Wifi-Fixer\AndroidManifest.xml:214:9-216:40
	android:required
		ADDED from GitHub\Wifi-Fixer\AndroidManifest.xml:216:13-37
	android:name
		ADDED from GitHub\Wifi-Fixer\AndroidManifest.xml:215:13-59
meta-data#com.sec.android.support.multiwindow
ADDED from GitHub\Wifi-Fixer\AndroidManifest.xml:218:9-220:36
	android:value
		ADDED from GitHub\Wifi-Fixer\AndroidManifest.xml:220:13-33
	android:name
		ADDED from GitHub\Wifi-Fixer\AndroidManifest.xml:219:13-63
meta-data#com.sec.android.multiwindow.DEFAULT_SIZE_W
ADDED from GitHub\Wifi-Fixer\AndroidManifest.xml:221:9-223:37
	android:value
		ADDED from GitHub\Wifi-Fixer\AndroidManifest.xml:223:13-34
	android:name
		ADDED from GitHub\Wifi-Fixer\AndroidManifest.xml:222:13-70
meta-data#com.sec.android.multiwindow.DEFAULT_SIZE_H
ADDED from GitHub\Wifi-Fixer\AndroidManifest.xml:224:9-226:37
	android:value
		ADDED from GitHub\Wifi-Fixer\AndroidManifest.xml:226:13-34
	android:name
		ADDED from GitHub\Wifi-Fixer\AndroidManifest.xml:225:13-70
meta-data#com.sec.android.multiwindow.MINIMUM_SIZE_W
ADDED from GitHub\Wifi-Fixer\AndroidManifest.xml:227:9-229:37
	android:value
		ADDED from GitHub\Wifi-Fixer\AndroidManifest.xml:229:13-34
	android:name
		ADDED from GitHub\Wifi-Fixer\AndroidManifest.xml:228:13-70
meta-data#com.sec.android.multiwindow.MINIMUM_SIZE_H
ADDED from GitHub\Wifi-Fixer\AndroidManifest.xml:230:9-232:37
	android:value
		ADDED from GitHub\Wifi-Fixer\AndroidManifest.xml:232:13-34
	android:name
		ADDED from GitHub\Wifi-Fixer\AndroidManifest.xml:231:13-70
provider#androidx.core.content.FileProvider
ADDED from GitHub\Wifi-Fixer\AndroidManifest.xml:234:9-242:20
	android:grantUriPermissions
		ADDED from GitHub\Wifi-Fixer\AndroidManifest.xml:238:13-47
	android:authorities
		ADDED from GitHub\Wifi-Fixer\AndroidManifest.xml:236:13-61
	android:exported
		ADDED from GitHub\Wifi-Fixer\AndroidManifest.xml:237:13-37
	android:name
		ADDED from GitHub\Wifi-Fixer\AndroidManifest.xml:235:13-62
meta-data#android.support.FILE_PROVIDER_PATHS
ADDED from GitHub\Wifi-Fixer\AndroidManifest.xml:239:13-241:61
	android:resource
		ADDED from GitHub\Wifi-Fixer\AndroidManifest.xml:241:17-58
	android:name
		ADDED from GitHub\Wifi-Fixer\AndroidManifest.xml:240:17-67